#
# A fatal error has been detected by the Java Runtime Environment:
#
#  Internal Error (javaClasses.cpp:124), pid=4632, tid=4476
#  fatal error: Invalid layout of preloaded class
#
# JRE version:  (8.0_11-b12) (build )
# Java VM: Java HotSpot(TM) 64-Bit Server VM (25.11-b03 mixed mode windows-amd64 compressed oops)
# Failed to write core dump. Minidumps are not enabled by default on client versions of Windows
#
# If you would like to submit a bug report, please visit:
#   http://bugreport.sun.com/bugreport/crash.jsp
#

---------------  T H R E A D  ---------------

Current thread (0x0000000002180800):  JavaThread "Unknown thread" [_thread_in_vm, id=4476, stack(0x0000000002080000,0x0000000002180000)]

Stack: [0x0000000002080000,0x0000000002180000]
Native frames: (J=compiled Java code, j=interpreted, Vv=VM code, C=native code)
V  [jvm.dll+0x308eca]
V  [jvm.dll+0x25e121]
V  [jvm.dll+0x25ed33]
V  [jvm.dll+0x256686]
V  [jvm.dll+0x5d4cc]
V  [jvm.dll+0x5d5c3]
V  [jvm.dll+0x71efa]
V  [jvm.dll+0x72258]
V  [jvm.dll+0xe1927]
V  [jvm.dll+0xe1cb6]
V  [jvm.dll+0x1f1407]
V  [jvm.dll+0x2229b4]
V  [jvm.dll+0x14a151]
C  [javaw.exe+0x208a]
C  [javaw.exe+0xc9fb]
C  [javaw.exe+0xca8f]
C  [KERNEL32.DLL+0x16ad]
C  [ntdll.dll+0x54409]


---------------  P R O C E S S  ---------------

Java Threads: ( => current thread )

Other Threads:

=>0x0000000002180800 (exited) JavaThread "Unknown thread" [_thread_in_vm, id=4476, stack(0x0000000002080000,0x0000000002180000)]

VM state:not at safepoint (not fully initialized)

VM Mutex/Monitor currently owned by a thread: None

GC Heap History (0 events):
No events

Deoptimization events (0 events):
No events

Internal exceptions (0 events):
No events

Events (10 events):
Event: 0.030 loading class java/lang/CharSequence done
Event: 0.030 loading class java/lang/String done
Event: 0.030 loading class java/lang/Class
Event: 0.031 loading class java/lang/reflect/AnnotatedElement
Event: 0.031 loading class java/lang/reflect/AnnotatedElement done
Event: 0.032 loading class java/lang/reflect/GenericDeclaration
Event: 0.032 loading class java/lang/reflect/GenericDeclaration done
Event: 0.032 loading class java/lang/reflect/Type
Event: 0.032 loading class java/lang/reflect/Type done
Event: 0.032 loading class java/lang/Class done


Dynamic libraries:
0x00007ff6ebcb0000 - 0x00007ff6ebce4000 	C:\Program Files\Java\jre8\bin\javaw.exe
0x00007ffbfae90000 - 0x00007ffbfb036000 	C:\WINDOWS\SYSTEM32\ntdll.dll
0x00007ffbf90b0000 - 0x00007ffbf91ea000 	C:\WINDOWS\system32\KERNEL32.DLL
0x00007ffbf8330000 - 0x00007ffbf843f000 	C:\WINDOWS\system32\KERNELBASE.dll
0x00007ffbf6e40000 - 0x00007ffbf6ec8000 	C:\WINDOWS\system32\apphelp.dll
0x00007ffbdf940000 - 0x00007ffbdf98f000 	C:\WINDOWS\AppPatch\AppPatch64\AcGenral.DLL
0x00007ffbf8d70000 - 0x00007ffbf8e17000 	C:\WINDOWS\system32\msvcrt.dll
0x00007ffbf80b0000 - 0x00007ffbf80db000 	C:\WINDOWS\SYSTEM32\SspiCli.dll
0x00007ffbf9250000 - 0x00007ffbf92a1000 	C:\WINDOWS\system32\SHLWAPI.dll
0x00007ffbf9660000 - 0x00007ffbf97d1000 	C:\WINDOWS\system32\USER32.dll
0x00007ffbfacf0000 - 0x00007ffbfae68000 	C:\WINDOWS\system32\ole32.dll
0x00007ffbf97e0000 - 0x00007ffbfabef000 	C:\WINDOWS\system32\SHELL32.dll
0x00007ffbf7870000 - 0x00007ffbf788e000 	C:\WINDOWS\SYSTEM32\USERENV.dll
0x00007ffbf8940000 - 0x00007ffbf89e5000 	C:\WINDOWS\system32\ADVAPI32.dll
0x00007ffbf1130000 - 0x00007ffbf114b000 	C:\WINDOWS\SYSTEM32\MPR.dll
0x00007ffbf89f0000 - 0x00007ffbf8b27000 	C:\WINDOWS\system32\RPCRT4.dll
0x00007ffbf88c0000 - 0x00007ffbf8917000 	C:\WINDOWS\SYSTEM32\sechost.dll
0x00007ffbf8ec0000 - 0x00007ffbf9096000 	C:\WINDOWS\SYSTEM32\combase.dll
0x00007ffbf93f0000 - 0x00007ffbf9534000 	C:\WINDOWS\system32\GDI32.dll
0x00007ffbf8210000 - 0x00007ffbf8224000 	C:\WINDOWS\SYSTEM32\profapi.dll
0x00007ffbf6870000 - 0x00007ffbf690f000 	C:\WINDOWS\SYSTEM32\SHCORE.dll
0x00007ffbfacb0000 - 0x00007ffbface4000 	C:\WINDOWS\system32\IMM32.DLL
0x00007ffbf92b0000 - 0x00007ffbf93e9000 	C:\WINDOWS\system32\MSCTF.dll
0x00007ffbf53a0000 - 0x00007ffbf55fa000 	C:\WINDOWS\WinSxS\amd64_microsoft.windows.common-controls_6595b64144ccf1df_6.0.9600.17031_none_6242a4b3ecbb55a1\COMCTL32.dll
0x0000000067710000 - 0x00000000677e2000 	C:\Program Files\Java\jre8\bin\msvcr100.dll
0x0000000066ee0000 - 0x000000006770a000 	C:\Program Files\Java\jre8\bin\server\jvm.dll
0x00007ffbebc70000 - 0x00007ffbebc79000 	C:\WINDOWS\SYSTEM32\WSOCK32.dll
0x00007ffbedbb0000 - 0x00007ffbedbcf000 	C:\WINDOWS\SYSTEM32\WINMM.dll
0x00007ffbf90a0000 - 0x00007ffbf90a7000 	C:\WINDOWS\system32\PSAPI.DLL
0x00007ffbf8d10000 - 0x00007ffbf8d68000 	C:\WINDOWS\system32\WS2_32.dll
0x00007ffbeda10000 - 0x00007ffbeda3a000 	C:\WINDOWS\SYSTEM32\WINMMBASE.dll
0x00007ffbf8920000 - 0x00007ffbf8929000 	C:\WINDOWS\system32\NSI.dll
0x00007ffbf8620000 - 0x00007ffbf866a000 	C:\WINDOWS\SYSTEM32\cfgmgr32.dll
0x00007ffbf7090000 - 0x00007ffbf70b6000 	C:\WINDOWS\SYSTEM32\DEVOBJ.dll
0x0000000066ed0000 - 0x0000000066edf000 	C:\Program Files\Java\jre8\bin\verify.dll
0x0000000066ea0000 - 0x0000000066ec8000 	C:\Program Files\Java\jre8\bin\java.dll
0x0000000066e80000 - 0x0000000066e96000 	C:\Program Files\Java\jre8\bin\zip.dll
0x00007ffbe1300000 - 0x00007ffbe1488000 	C:\WINDOWS\SYSTEM32\dbghelp.dll

VM Arguments:
jvm_args: -Dfile.encoding=Cp1252 -Xbootclasspath:C:\Users\Federico\android-sdks\platforms\android-19\android.jar;C:\Users\Federico\android-sdks\add-ons\addon-google_apis-google-19\libs\usb.jar;C:\Users\Federico\android-sdks\add-ons\addon-google_apis-google-19\libs\effects.jar;C:\Users\Federico\android-sdks\add-ons\addon-google_apis-google-19\libs\maps.jar 
java_command: com.example.none.MySQLAccess
java_class_path (initial): C:\Users\Federico\git\None\bin\classes;C:\Users\Federico\git\None\libs\mysql-connector-java-5.1.33-bin.jar;C:\Users\Federico\AppData\Local\Android\android-sdk\extras\android\support\v7\appcompat\libs\android-support-v4.jar;C:\Users\Federico\AppData\Local\Android\android-sdk\extras\google\google_play_services\libproject\google-play-services_lib\libs\google-play-services.jar;C:\Users\Federico\AppData\Local\Android\android-sdk\extras\android\support\v7\appcompat\libs\android-support-v7-appcompat.jar;C:\Users\Federico\AppData\Local\Android\android-sdk\extras\android\support\v7\appcompat\bin\android-support-v7-appcompat.jar;C:\Users\Federico\AppData\Local\Android\android-sdk\extras\google\google_play_services\libproject\google-play-services_lib\bin\google-play-services_lib.jar
Launcher Type: SUN_STANDARD

Environment Variables:
PATH=C:\WINDOWS\system32;C:\WINDOWS;C:\WINDOWS\System32\Wbem;C:\WINDOWS\System32\WindowsPowerShell\v1.0\;C:\Program Files (x86)\Windows Live\Shared;C:\Program Files (x86)\Windows Kits\8.1\Windows Performance Toolkit\;C:\Program Files (x86)\Microsoft Visual Studio 12.0\VC\bin;C:\Program Files (x86)\MySQL\MySQL Utilities 1.4\;C:\Program Files (x86)\MySQL\MySQL Utilities 1.4\Doctrine extensions for PHP\
USERNAME=Federico
OS=Windows_NT
PROCESSOR_IDENTIFIER=Intel64 Family 6 Model 42 Stepping 7, GenuineIntel



---------------  S Y S T E M  ---------------

OS: Windows 8.1 , 64 bit Build 9600 

CPU:total 4 (2 cores per cpu, 2 threads per core) family 6 model 42 stepping 7, cmov, cx8, fxsr, mmx, sse, sse2, sse3, ssse3, sse4.1, sse4.2, popcnt, avx, aes, clmul, ht, tsc, tscinvbit

Memory: 4k page, physical 4085928k(1223516k free), swap 6527792k(1133036k free)

vm_info: Java HotSpot(TM) 64-Bit Server VM (25.11-b03) for windows-amd64 JRE (1.8.0_11-b12), built on Jun 16 2014 20:57:32 by "java_re" with MS VC++ 10.0 (VS2010)

time: Thu Oct 23 21:39:55 2014
elapsed time: 0 seconds

